<?xml version="1.0" encoding="UTF-8"?>
<!-- Generated by org.testng.reporters.JUnitXMLReporter -->
<testsuite hostname="LAPTOP-OI1D9TEA" ignored="1" name="Default test" tests="7" failures="0" timestamp="31 三月 2020 10:29:47 GMT" time="1.58" errors="0">
  <testcase name="test2" time="0.609" classname="com.lemon.cases.RegisterCase"/>
  <testcase name="test2" time="0.083" classname="com.lemon.cases.RegisterCase"/>
  <testcase name="test2" time="0.082" classname="com.lemon.cases.RegisterCase"/>
  <testcase name="test2" time="0.079" classname="com.lemon.cases.RegisterCase"/>
  <testcase name="test2" time="0.174" classname="com.lemon.cases.RegisterCase"/>
  <testcase name="test2" time="0.075" classname="com.lemon.cases.RegisterCase"/>
  <testcase name="test2" time="0.329" classname="com.lemon.cases.RegisterCase"/>
  <testcase name="test" time="0.0" classname="com.lemon.cases.RegisterCase">
    <ignored/>
  </testcase> <!-- test -->
</testsuite> <!-- Default test -->
