<?xml version="1.0" encoding="UTF-8"?>
<!-- Generated by org.testng.reporters.JUnitXMLReporter -->
<testsuite hostname="LAPTOP-OI1D9TEA" ignored="4" name="注册模块" tests="16" failures="0" timestamp="17 四月 2020 14:11:04 GMT" time="5.137" errors="0">
  <testcase name="test" time="0.915" classname="com.lemon.cases.RegisterCase"/>
  <testcase name="test" time="0.093" classname="com.lemon.cases.RegisterCase"/>
  <testcase name="test" time="0.112" classname="com.lemon.cases.RegisterCase"/>
  <testcase name="test" time="0.082" classname="com.lemon.cases.RegisterCase"/>
  <testcase name="test" time="1.135" classname="com.lemon.cases.RegisterCase"/>
  <testcase name="test" time="0.285" classname="com.lemon.cases.RegisterCase"/>
  <testcase name="test" time="0.156" classname="com.lemon.cases.LoginCase"/>
  <testcase name="test" time="0.116" classname="com.lemon.cases.LoginCase"/>
  <testcase name="test" time="0.338" classname="com.lemon.cases.LoginCase"/>
  <testcase name="test" time="0.361" classname="com.lemon.cases.LoginCase"/>
  <testcase name="test" time="0.355" classname="com.lemon.cases.LoginCase"/>
  <testcase name="test" time="0.106" classname="com.lemon.cases.RechargeCase"/>
  <testcase name="test" time="0.082" classname="com.lemon.cases.RechargeCase"/>
  <testcase name="test" time="0.102" classname="com.lemon.cases.RechargeCase"/>
  <testcase name="test" time="0.092" classname="com.lemon.cases.RechargeCase"/>
  <testcase name="test" time="0.782" classname="com.lemon.cases.RechargeCase"/>
  <testcase name="@BeforeSuite init" time="0.0" classname="com.lemon.cases.RechargeCase">
    <ignored/>
  </testcase> <!-- @BeforeSuite init -->
  <testcase name="@AfterSuite finish" time="0.0" classname="com.lemon.cases.BaseCase">
    <ignored/>
  </testcase> <!-- @AfterSuite finish -->
  <testcase name="@AfterSuite finish" time="0.0" classname="com.lemon.cases.BaseCase">
    <ignored/>
  </testcase> <!-- @AfterSuite finish -->
  <testcase name="@BeforeSuite init" time="0.0" classname="com.lemon.cases.BaseCase">
    <ignored/>
  </testcase> <!-- @BeforeSuite init -->
</testsuite> <!-- 注册模块 -->
