<?xml version="1.0" encoding="UTF-8"?>
<testng-results skipped="0" failed="0" ignored="4" total="20" passed="16">
  <reporter-output>
  </reporter-output>
  <suite name="贷款项目" duration-ms="5137" started-at="2020-04-17T14:10:59Z" finished-at="2020-04-17T14:11:04Z">
    <groups>
    </groups>
    <test name="注册模块" duration-ms="5137" started-at="2020-04-17T14:10:59Z" finished-at="2020-04-17T14:11:04Z">
      <class name="com.lemon.cases.LoginCase">
        <test-method status="PASS" signature="test(com.lemon.pojo.API, com.lemon.pojo.Case)[pri:0, instance:com.lemon.cases.LoginCase@544fe44c]" name="test" duration-ms="156" started-at="2020-04-17T22:11:01Z" data-provider="datas" finished-at="2020-04-17T22:11:01Z">
          <params>
            <param index="0">
              <value>
                <![CDATA[API [id=2, name=login, method=post, url=http://api.lemonban.com/futureloan/member/login, contentType=json]]]>
              </value>
            </param>
            <param index="1">
              <value>
                <![CDATA[Case [id=7, desc=传手机号，不传密码, params={"mobile_phone":"18900000000","pwd":""}, apiId=2, expect={"code":2,"msg":"密码为空","data":null,"copyright":"Copyright 柠檬班 © 2017-2019 湖南省零檬信息技术有限公司 All Rights Reserved"}, sql=null]]]>
              </value>
            </param>
          </params>
          <reporter-output>
          </reporter-output>
        </test-method> <!-- test -->
        <test-method status="PASS" signature="test(com.lemon.pojo.API, com.lemon.pojo.Case)[pri:0, instance:com.lemon.cases.LoginCase@544fe44c]" name="test" duration-ms="116" started-at="2020-04-17T22:11:01Z" data-provider="datas" finished-at="2020-04-17T22:11:02Z">
          <params>
            <param index="0">
              <value>
                <![CDATA[API [id=2, name=login, method=post, url=http://api.lemonban.com/futureloan/member/login, contentType=json]]]>
              </value>
            </param>
            <param index="1">
              <value>
                <![CDATA[Case [id=8, desc=不传手机号，传密码, params={"mobile_phone":"","pwd":"12345678"}, apiId=2, expect={"code":2,"msg":"手机号码为空","data":null,"copyright":"Copyright 柠檬班 © 2017-2019 湖南省零檬信息技术有限公司 All Rights Reserved"}, sql=null]]]>
              </value>
            </param>
          </params>
          <reporter-output>
          </reporter-output>
        </test-method> <!-- test -->
        <test-method status="PASS" signature="test(com.lemon.pojo.API, com.lemon.pojo.Case)[pri:0, instance:com.lemon.cases.LoginCase@544fe44c]" name="test" duration-ms="338" started-at="2020-04-17T22:11:02Z" data-provider="datas" finished-at="2020-04-17T22:11:02Z">
          <params>
            <param index="0">
              <value>
                <![CDATA[API [id=2, name=login, method=post, url=http://api.lemonban.com/futureloan/member/login, contentType=json]]]>
              </value>
            </param>
            <param index="1">
              <value>
                <![CDATA[Case [id=9, desc=未注册过的手机号, params={"mobile_phone":"18901110001","pwd":"12345678"}, apiId=2, expect={"code":1001,"msg":"账号信息错误","data":null,"copyright":"Copyright 柠檬班 © 2017-2019 湖南省零檬信息技术有限公司 All Rights Reserved"}, sql=null]]]>
              </value>
            </param>
          </params>
          <reporter-output>
          </reporter-output>
        </test-method> <!-- test -->
        <test-method status="PASS" signature="test(com.lemon.pojo.API, com.lemon.pojo.Case)[pri:0, instance:com.lemon.cases.LoginCase@544fe44c]" name="test" duration-ms="361" started-at="2020-04-17T22:11:02Z" data-provider="datas" finished-at="2020-04-17T22:11:02Z">
          <params>
            <param index="0">
              <value>
                <![CDATA[API [id=2, name=login, method=post, url=http://api.lemonban.com/futureloan/member/login, contentType=json]]]>
              </value>
            </param>
            <param index="1">
              <value>
                <![CDATA[Case [id=10, desc=不满足条件的密码, params={"mobile_phone":"18842850710","pwd":"1B6D44A148D65DAD8D8C250DC01CC15F"}, apiId=2, expect={"code":1001,"msg":"账号信息错误","data":null,"copyright":"Copyright 柠檬班 © 2017-2019 湖南省零檬信息技术有限公司 All Rights Reserved"}, sql=null]]]>
              </value>
            </param>
          </params>
          <reporter-output>
          </reporter-output>
        </test-method> <!-- test -->
        <test-method status="PASS" signature="test(com.lemon.pojo.API, com.lemon.pojo.Case)[pri:0, instance:com.lemon.cases.LoginCase@544fe44c]" name="test" duration-ms="355" started-at="2020-04-17T22:11:02Z" data-provider="datas" finished-at="2020-04-17T22:11:03Z">
          <params>
            <param index="0">
              <value>
                <![CDATA[API [id=2, name=login, method=post, url=http://api.lemonban.com/futureloan/member/login, contentType=json]]]>
              </value>
            </param>
            <param index="1">
              <value>
                <![CDATA[Case [id=11, desc=已注册的账号, params={"mobile_phone":"13461729221","pwd":"12345678"}, apiId=2, expect="code":0@@"msg":"OK", sql=null]]]>
              </value>
            </param>
          </params>
          <reporter-output>
          </reporter-output>
        </test-method> <!-- test -->
      </class> <!-- com.lemon.cases.LoginCase -->
      <class name="com.lemon.cases.RechargeCase">
        <test-method status="PASS" signature="test(com.lemon.pojo.API, com.lemon.pojo.Case)[pri:0, instance:com.lemon.cases.RechargeCase@31610302]" name="test" duration-ms="106" started-at="2020-04-17T22:11:03Z" data-provider="datas" finished-at="2020-04-17T22:11:03Z">
          <params>
            <param index="0">
              <value>
                <![CDATA[API [id=3, name=recharge, method=post, url=http://api.lemonban.com/futureloan/member/recharge, contentType=json]]]>
              </value>
            </param>
            <param index="1">
              <value>
                <![CDATA[Case [id=12, desc=非当前账号id, params={"member_id":"8037184","amount":"6300"}, apiId=3, expect={"code":1007,"msg":"无权限访问，请检查参数","data":null,"copyright":"Copyright 柠檬班 © 2017-2019 湖南省零檬信息技术有限公司 All Rights Reserved"}, sql=null]]]>
              </value>
            </param>
          </params>
          <reporter-output>
          </reporter-output>
        </test-method> <!-- test -->
        <test-method status="PASS" signature="test(com.lemon.pojo.API, com.lemon.pojo.Case)[pri:0, instance:com.lemon.cases.RechargeCase@31610302]" name="test" duration-ms="82" started-at="2020-04-17T22:11:03Z" data-provider="datas" finished-at="2020-04-17T22:11:03Z">
          <params>
            <param index="0">
              <value>
                <![CDATA[API [id=3, name=recharge, method=post, url=http://api.lemonban.com/futureloan/member/recharge, contentType=json]]]>
              </value>
            </param>
            <param index="1">
              <value>
                <![CDATA[Case [id=13, desc=超过50万, params={"member_id":"8037184","amount":"1116300"}, apiId=3, expect={"code":2,"msg":"余额必须大于0并且小于或者等于500000","data":null,"copyright":"Copyright 柠檬班 © 2017-2019 湖南省零檬信息技术有限公司 All Rights Reserved"}, sql=null]]]>
              </value>
            </param>
          </params>
          <reporter-output>
          </reporter-output>
        </test-method> <!-- test -->
        <test-method status="PASS" signature="test(com.lemon.pojo.API, com.lemon.pojo.Case)[pri:0, instance:com.lemon.cases.RechargeCase@31610302]" name="test" duration-ms="102" started-at="2020-04-17T22:11:03Z" data-provider="datas" finished-at="2020-04-17T22:11:03Z">
          <params>
            <param index="0">
              <value>
                <![CDATA[API [id=3, name=recharge, method=post, url=http://api.lemonban.com/futureloan/member/recharge, contentType=json]]]>
              </value>
            </param>
            <param index="1">
              <value>
                <![CDATA[Case [id=14, desc=负数, params={"member_id":"8037184","amount":"-6300"}, apiId=3, expect={"code":2,"msg":"余额必须大于0并且小于或者等于500000","data":null,"copyright":"Copyright 柠檬班 © 2017-2019 湖南省零檬信息技术有限公司 All Rights Reserved"}, sql=null]]]>
              </value>
            </param>
          </params>
          <reporter-output>
          </reporter-output>
        </test-method> <!-- test -->
        <test-method status="PASS" signature="test(com.lemon.pojo.API, com.lemon.pojo.Case)[pri:0, instance:com.lemon.cases.RechargeCase@31610302]" name="test" duration-ms="92" started-at="2020-04-17T22:11:03Z" data-provider="datas" finished-at="2020-04-17T22:11:03Z">
          <params>
            <param index="0">
              <value>
                <![CDATA[API [id=3, name=recharge, method=post, url=http://api.lemonban.com/futureloan/member/recharge, contentType=json]]]>
              </value>
            </param>
            <param index="1">
              <value>
                <![CDATA[Case [id=15, desc=非数字, params={"member_id":"8037184","amount":"SSS"}, apiId=3, expect={"code":2,"msg":"数字格式化异常","data":null,"copyright":"Copyright 柠檬班 © 2017-2019 湖南省零檬信息技术有限公司 All Rights Reserved"}, sql=null]]]>
              </value>
            </param>
          </params>
          <reporter-output>
          </reporter-output>
        </test-method> <!-- test -->
        <test-method status="PASS" signature="test(com.lemon.pojo.API, com.lemon.pojo.Case)[pri:0, instance:com.lemon.cases.RechargeCase@31610302]" name="test" duration-ms="782" started-at="2020-04-17T22:11:03Z" data-provider="datas" finished-at="2020-04-17T22:11:04Z">
          <params>
            <param index="0">
              <value>
                <![CDATA[API [id=3, name=recharge, method=post, url=http://api.lemonban.com/futureloan/member/recharge, contentType=json]]]>
              </value>
            </param>
            <param index="1">
              <value>
                <![CDATA[Case [id=16, desc=正确用例, params={"member_id":"8037184","amount":"6300.12"}, apiId=3, expect="code":0@@"msg":"OK", sql=select leave_amount from member where id = '8037184';]]]>
              </value>
            </param>
          </params>
          <reporter-output>
          </reporter-output>
        </test-method> <!-- test -->
      </class> <!-- com.lemon.cases.RechargeCase -->
      <class name="com.lemon.cases.RegisterCase">
        <test-method status="PASS" signature="init()[pri:0, instance:com.lemon.cases.RegisterCase@31dc339b]" name="init" is-config="true" duration-ms="2581" started-at="2020-04-17T22:10:56Z" finished-at="2020-04-17T22:10:59Z">
          <reporter-output>
          </reporter-output>
        </test-method> <!-- init -->
        <test-method status="PASS" signature="test(com.lemon.pojo.API, com.lemon.pojo.Case)[pri:0, instance:com.lemon.cases.RegisterCase@31dc339b]" name="test" duration-ms="915" started-at="2020-04-17T22:10:59Z" data-provider="datas" finished-at="2020-04-17T22:11:00Z">
          <params>
            <param index="0">
              <value>
                <![CDATA[API [id=1, name=register, method=post, url=http://api.lemonban.com/futureloan/member/register, contentType=json]]]>
              </value>
            </param>
            <param index="1">
              <value>
                <![CDATA[Case [id=1, desc=传手机号,不传密码, params={"mobile_phone":"19000000000","pwd":""}, apiId=1, expect={"code":1,"msg":"密码为空","data":null,"copyright":"Copyright 柠檬班 © 2017-2019 湖南省零檬信息技术有限公司 All Rights Reserved"}, sql=null]]]>
              </value>
            </param>
          </params>
          <reporter-output>
          </reporter-output>
        </test-method> <!-- test -->
        <test-method status="PASS" signature="test(com.lemon.pojo.API, com.lemon.pojo.Case)[pri:0, instance:com.lemon.cases.RegisterCase@31dc339b]" name="test" duration-ms="93" started-at="2020-04-17T22:11:00Z" data-provider="datas" finished-at="2020-04-17T22:11:00Z">
          <params>
            <param index="0">
              <value>
                <![CDATA[API [id=1, name=register, method=post, url=http://api.lemonban.com/futureloan/member/register, contentType=json]]]>
              </value>
            </param>
            <param index="1">
              <value>
                <![CDATA[Case [id=2, desc=不传手机号，传密码, params={"mobile_phone":"","pwd":"123456"}, apiId=1, expect={"code":1,"msg":"手机号为空","data":null,"copyright":"Copyright 柠檬班 © 2017-2019 湖南省零檬信息技术有限公司 All Rights Reserved"}, sql=null]]]>
              </value>
            </param>
          </params>
          <reporter-output>
          </reporter-output>
        </test-method> <!-- test -->
        <test-method status="PASS" signature="test(com.lemon.pojo.API, com.lemon.pojo.Case)[pri:0, instance:com.lemon.cases.RegisterCase@31dc339b]" name="test" duration-ms="112" started-at="2020-04-17T22:11:00Z" data-provider="datas" finished-at="2020-04-17T22:11:00Z">
          <params>
            <param index="0">
              <value>
                <![CDATA[API [id=1, name=register, method=post, url=http://api.lemonban.com/futureloan/member/register, contentType=json]]]>
              </value>
            </param>
            <param index="1">
              <value>
                <![CDATA[Case [id=3, desc=不合格的手机号, params={"mobile_phone":"123","pwd":"12345678"}, apiId=1, expect={"code":2,"msg":"无效的手机格式","data":null,"copyright":"Copyright 柠檬班 © 2017-2019 湖南省零檬信息技术有限公司 All Rights Reserved"}, sql=null]]]>
              </value>
            </param>
          </params>
          <reporter-output>
          </reporter-output>
        </test-method> <!-- test -->
        <test-method status="PASS" signature="test(com.lemon.pojo.API, com.lemon.pojo.Case)[pri:0, instance:com.lemon.cases.RegisterCase@31dc339b]" name="test" duration-ms="82" started-at="2020-04-17T22:11:00Z" data-provider="datas" finished-at="2020-04-17T22:11:00Z">
          <params>
            <param index="0">
              <value>
                <![CDATA[API [id=1, name=register, method=post, url=http://api.lemonban.com/futureloan/member/register, contentType=json]]]>
              </value>
            </param>
            <param index="1">
              <value>
                <![CDATA[Case [id=4, desc=合格的手机号+不合格密码, params={"mobile_phone":"19000000000","pwd":"12345"}, apiId=1, expect={"code":2,"msg":"密码格式为8到16位","data":null,"copyright":"Copyright 柠檬班 © 2017-2019 湖南省零檬信息技术有限公司 All Rights Reserved"}, sql=null]]]>
              </value>
            </param>
          </params>
          <reporter-output>
          </reporter-output>
        </test-method> <!-- test -->
        <test-method status="PASS" signature="test(com.lemon.pojo.API, com.lemon.pojo.Case)[pri:0, instance:com.lemon.cases.RegisterCase@31dc339b]" name="test" duration-ms="1135" started-at="2020-04-17T22:11:00Z" data-provider="datas" finished-at="2020-04-17T22:11:01Z">
          <params>
            <param index="0">
              <value>
                <![CDATA[API [id=1, name=register, method=post, url=http://api.lemonban.com/futureloan/member/register, contentType=json]]]>
              </value>
            </param>
            <param index="1">
              <value>
                <![CDATA[Case [id=5, desc=合格手机号+合格密码, params={"mobile_phone":"13363097865","pwd":"12345678"}, apiId=1, expect="code":0@@"msg":"OK", sql=select count(*) from member where mobile_phone = '13363097865';]]]>
              </value>
            </param>
          </params>
          <reporter-output>
          </reporter-output>
        </test-method> <!-- test -->
        <test-method status="PASS" signature="test(com.lemon.pojo.API, com.lemon.pojo.Case)[pri:0, instance:com.lemon.cases.RegisterCase@31dc339b]" name="test" duration-ms="285" started-at="2020-04-17T22:11:01Z" data-provider="datas" finished-at="2020-04-17T22:11:01Z">
          <params>
            <param index="0">
              <value>
                <![CDATA[API [id=1, name=register, method=post, url=http://api.lemonban.com/futureloan/member/register, contentType=json]]]>
              </value>
            </param>
            <param index="1">
              <value>
                <![CDATA[Case [id=6, desc=重复以上的手机号+密码, params={"mobile_phone":"13363097865","pwd":"12345678"}, apiId=1, expect={"code":2,"msg":"账号已存在","data":null,"copyright":"Copyright 柠檬班 © 2017-2019 湖南省零檬信息技术有限公司 All Rights Reserved"}, sql=null]]]>
              </value>
            </param>
          </params>
          <reporter-output>
          </reporter-output>
        </test-method> <!-- test -->
        <test-method status="PASS" signature="finish()[pri:0, instance:com.lemon.cases.RegisterCase@31dc339b]" name="finish" is-config="true" duration-ms="156" started-at="2020-04-17T22:11:04Z" finished-at="2020-04-17T22:11:04Z">
          <reporter-output>
          </reporter-output>
        </test-method> <!-- finish -->
      </class> <!-- com.lemon.cases.RegisterCase -->
    </test> <!-- 注册模块 -->
  </suite> <!-- 贷款项目 -->
</testng-results>
